2025-10-12 06:18:01,713 | signals | INFO | log_signal_event:181 | SIGNAL_EVENT | signal_type=main_signal_generated | symbol=GBPUSD. | action=SELL | entry_price=1.34738 | stop_loss=1.347765 | take_profit=1.3462249999999998 | lot_size=2.6 | timestamp=2025-10-01 13:15:00 | system_hours_check=True | trading_session_check=True
2025-10-12 06:18:01,978 | signals | INFO | log_signal_event:181 | SIGNAL_EVENT | signal_type=stop_loss_adjusted | symbol=GBPUSD. | action=SELL | old_sl=1.347765 | new_sl=1.3475725 | reason=1R_favorable | adjustment_count=1
2025-10-12 06:18:01,978 | signals | INFO | log_signal_event:181 | SIGNAL_EVENT | signal_type=risk_free_activated | symbol=GBPUSD. | action=SELL | entry_price=1.34738 | current_sl=1.3475725
2025-10-12 06:18:01,978 | signals | INFO | log_signal_event:181 | SIGNAL_EVENT | signal_type=stop_loss_adjusted | symbol=GBPUSD. | action=SELL | old_sl=1.3475725 | new_sl=1.34738 | reason=2R_breakeven | adjustment_count=2
2025-10-12 06:18:01,979 | signals | INFO | log_signal_event:181 | SIGNAL_EVENT | signal_type=risk_free_activated | symbol=GBPUSD. | action=SELL | entry_price=1.34738 | current_sl=1.34738
2025-10-12 06:18:01,979 | signals | INFO | log_signal_event:181 | SIGNAL_EVENT | signal_type=signal_loss | symbol=GBPUSD. | action=SELL | loss=0.0 | exit_price=1.34738 | pips=0.0 | lot_size=2.6 | bars_evaluated=1429 | fetch_attempts=1
2025-10-12 06:18:01,979 | signals | INFO | log_signal_event:181 | SIGNAL_EVENT | signal_type=signal_remains_pending | symbol=GBPUSD. | action=SELL | total_bars_processed=1428 | total_fetch_attempts=1
2025-10-12 06:18:01,981 | signals | INFO | log_signal_event:181 | SIGNAL_EVENT | signal_type=main_signal_generated | symbol=GBPUSD. | action=SELL | entry_price=1.3476 | stop_loss=1.3480450000000002 | take_profit=1.3462649999999992 | lot_size=2.25 | timestamp=2025-10-01 15:11:00 | system_hours_check=True | trading_session_check=True
2025-10-12 06:18:02,234 | signals | INFO | log_signal_event:181 | SIGNAL_EVENT | signal_type=stop_loss_adjusted | symbol=GBPUSD. | action=SELL | old_sl=1.3480450000000002 | new_sl=1.3478225 | reason=1R_favorable | adjustment_count=1
2025-10-12 06:18:02,234 | signals | INFO | log_signal_event:181 | SIGNAL_EVENT | signal_type=risk_free_activated | symbol=GBPUSD. | action=SELL | entry_price=1.3476 | current_sl=1.3478225
2025-10-12 06:18:02,235 | signals | INFO | log_signal_event:181 | SIGNAL_EVENT | signal_type=stop_loss_adjusted | symbol=GBPUSD. | action=SELL | old_sl=1.3478225 | new_sl=1.3476 | reason=2R_breakeven | adjustment_count=2
2025-10-12 06:18:02,235 | signals | INFO | log_signal_event:181 | SIGNAL_EVENT | signal_type=risk_free_activated | symbol=GBPUSD. | action=SELL | entry_price=1.3476 | current_sl=1.3476
2025-10-12 06:18:02,235 | signals | INFO | log_signal_event:181 | SIGNAL_EVENT | signal_type=signal_win | symbol=GBPUSD. | action=SELL | gain=300.3750000001693 | exit_price=1.3462649999999992 | pips=13.350000000007523 | lot_size=2.25 | bars_evaluated=1429 | fetch_attempts=1
2025-10-12 06:18:02,235 | signals | INFO | log_signal_event:181 | SIGNAL_EVENT | signal_type=signal_remains_pending | symbol=GBPUSD. | action=SELL | total_bars_processed=1428 | total_fetch_attempts=1
2025-10-12 06:18:02,461 | signals | INFO | log_signal_event:181 | SIGNAL_EVENT | signal_type=main_signal_generated | symbol=EURUSD. | action=SELL | entry_price=1.1773 | stop_loss=1.177755 | take_profit=1.1759349999999997 | lot_size=2.26 | timestamp=2025-10-01 13:35:00 | system_hours_check=True | trading_session_check=True
2025-10-12 06:18:02,676 | signals | INFO | log_signal_event:181 | SIGNAL_EVENT | signal_type=stop_loss_adjusted | symbol=EURUSD. | action=SELL | old_sl=1.177755 | new_sl=1.1775275 | reason=1R_favorable | adjustment_count=1
2025-10-12 06:18:02,676 | signals | INFO | log_signal_event:181 | SIGNAL_EVENT | signal_type=risk_free_activated | symbol=EURUSD. | action=SELL | entry_price=1.1773 | current_sl=1.1775275
2025-10-12 06:18:02,676 | signals | INFO | log_signal_event:181 | SIGNAL_EVENT | signal_type=signal_loss | symbol=EURUSD. | action=SELL | loss=-51.41500000001064 | exit_price=1.1775275 | pips=2.275000000000471 | lot_size=2.26 | bars_evaluated=1429 | fetch_attempts=1
2025-10-12 06:18:02,676 | signals | INFO | log_signal_event:181 | SIGNAL_EVENT | signal_type=signal_remains_pending | symbol=EURUSD. | action=SELL | total_bars_processed=1428 | total_fetch_attempts=1
2025-10-12 06:18:02,679 | signals | INFO | log_signal_event:181 | SIGNAL_EVENT | signal_type=main_signal_generated | symbol=EURUSD. | action=SELL | entry_price=1.17741 | stop_loss=1.177875 | take_profit=1.1760150000000003 | lot_size=2.2 | timestamp=2025-10-01 13:46:00 | system_hours_check=True | trading_session_check=True
2025-10-12 06:18:02,900 | signals | INFO | log_signal_event:181 | SIGNAL_EVENT | signal_type=stop_loss_adjusted | symbol=EURUSD. | action=SELL | old_sl=1.177875 | new_sl=1.1776425000000001 | reason=1R_favorable | adjustment_count=1
2025-10-12 06:18:02,900 | signals | INFO | log_signal_event:181 | SIGNAL_EVENT | signal_type=risk_free_activated | symbol=EURUSD. | action=SELL | entry_price=1.17741 | current_sl=1.1776425000000001
2025-10-12 06:18:02,900 | signals | INFO | log_signal_event:181 | SIGNAL_EVENT | signal_type=stop_loss_adjusted | symbol=EURUSD. | action=SELL | old_sl=1.1776425000000001 | new_sl=1.17741 | reason=2R_breakeven | adjustment_count=2
2025-10-12 06:18:02,900 | signals | INFO | log_signal_event:181 | SIGNAL_EVENT | signal_type=risk_free_activated | symbol=EURUSD. | action=SELL | entry_price=1.17741 | current_sl=1.17741
2025-10-12 06:18:02,900 | signals | INFO | log_signal_event:181 | SIGNAL_EVENT | signal_type=signal_win | symbol=EURUSD. | action=SELL | gain=306.8999999999589 | exit_price=1.1760150000000003 | pips=13.94999999999813 | lot_size=2.2 | bars_evaluated=1429 | fetch_attempts=1
2025-10-12 06:18:02,900 | signals | INFO | log_signal_event:181 | SIGNAL_EVENT | signal_type=signal_remains_pending | symbol=EURUSD. | action=SELL | total_bars_processed=1428 | total_fetch_attempts=1
2025-10-12 06:18:03,101 | signals | INFO | log_signal_event:181 | SIGNAL_EVENT | signal_type=main_signal_generated | symbol=GBPUSD. | action=SELL | entry_price=1.34961 | stop_loss=1.350025 | take_profit=1.3483649999999998 | lot_size=2.54 | timestamp=2025-10-02 13:39:00 | system_hours_check=True | trading_session_check=True
2025-10-12 06:18:03,303 | signals | INFO | log_signal_event:181 | SIGNAL_EVENT | signal_type=stop_loss_adjusted | symbol=GBPUSD. | action=SELL | old_sl=1.350025 | new_sl=1.3498175 | reason=1R_favorable | adjustment_count=1
2025-10-12 06:18:03,303 | signals | INFO | log_signal_event:181 | SIGNAL_EVENT | signal_type=risk_free_activated | symbol=GBPUSD. | action=SELL | entry_price=1.34961 | current_sl=1.3498175
2025-10-12 06:18:03,303 | signals | INFO | log_signal_event:181 | SIGNAL_EVENT | signal_type=signal_loss | symbol=GBPUSD. | action=SELL | loss=-52.70499999997869 | exit_price=1.3498175 | pips=2.074999999999161 | lot_size=2.54 | bars_evaluated=1429 | fetch_attempts=1
2025-10-12 06:18:03,303 | signals | INFO | log_signal_event:181 | SIGNAL_EVENT | signal_type=signal_remains_pending | symbol=GBPUSD. | action=SELL | total_bars_processed=1428 | total_fetch_attempts=1
2025-10-12 06:18:03,305 | signals | INFO | log_signal_event:181 | SIGNAL_EVENT | signal_type=main_signal_generated | symbol=GBPUSD. | action=SELL | entry_price=1.34976 | stop_loss=1.350085 | take_profit=1.3487850000000003 | lot_size=3.23 | timestamp=2025-10-02 14:20:00 | system_hours_check=True | trading_session_check=True
2025-10-12 06:18:03,505 | signals | INFO | log_signal_event:181 | SIGNAL_EVENT | signal_type=stop_loss_adjusted | symbol=GBPUSD. | action=SELL | old_sl=1.350085 | new_sl=1.3499225 | reason=1R_favorable | adjustment_count=1
2025-10-12 06:18:03,506 | signals | INFO | log_signal_event:181 | SIGNAL_EVENT | signal_type=risk_free_activated | symbol=GBPUSD. | action=SELL | entry_price=1.34976 | current_sl=1.3499225
2025-10-12 06:18:03,506 | signals | INFO | log_signal_event:181 | SIGNAL_EVENT | signal_type=signal_loss | symbol=GBPUSD. | action=SELL | loss=-52.48749999994939 | exit_price=1.3499225 | pips=1.6249999999984333 | lot_size=3.23 | bars_evaluated=1429 | fetch_attempts=1
2025-10-12 06:18:03,506 | signals | INFO | log_signal_event:181 | SIGNAL_EVENT | signal_type=signal_remains_pending | symbol=GBPUSD. | action=SELL | total_bars_processed=1428 | total_fetch_attempts=1
2025-10-12 06:18:03,677 | signals | INFO | log_signal_event:181 | SIGNAL_EVENT | signal_type=main_signal_generated | symbol=EURUSD. | action=SELL | entry_price=1.17423 | stop_loss=1.1745050000000001 | take_profit=1.173405 | lot_size=3.8 | timestamp=2025-10-02 12:38:00 | system_hours_check=True | trading_session_check=True
2025-10-12 06:18:03,833 | signals | INFO | log_signal_event:181 | SIGNAL_EVENT | signal_type=stop_loss_adjusted | symbol=EURUSD. | action=SELL | old_sl=1.1745050000000001 | new_sl=1.1743675000000002 | reason=1R_favorable | adjustment_count=1
2025-10-12 06:18:03,833 | signals | INFO | log_signal_event:181 | SIGNAL_EVENT | signal_type=risk_free_activated | symbol=EURUSD. | action=SELL | entry_price=1.17423 | current_sl=1.1743675000000002
2025-10-12 06:18:03,833 | signals | INFO | log_signal_event:181 | SIGNAL_EVENT | signal_type=stop_loss_adjusted | symbol=EURUSD. | action=SELL | old_sl=1.1743675000000002 | new_sl=1.17423 | reason=2R_breakeven | adjustment_count=2
2025-10-12 06:18:03,833 | signals | INFO | log_signal_event:181 | SIGNAL_EVENT | signal_type=risk_free_activated | symbol=EURUSD. | action=SELL | entry_price=1.17423 | current_sl=1.17423
2025-10-12 06:18:03,833 | signals | INFO | log_signal_event:181 | SIGNAL_EVENT | signal_type=signal_loss | symbol=EURUSD. | action=SELL | loss=0.0 | exit_price=1.17423 | pips=0.0 | lot_size=3.8 | bars_evaluated=1428 | fetch_attempts=1
2025-10-12 06:18:03,833 | signals | INFO | log_signal_event:181 | SIGNAL_EVENT | signal_type=signal_remains_pending | symbol=EURUSD. | action=SELL | total_bars_processed=1427 | total_fetch_attempts=1
2025-10-12 06:18:03,835 | signals | INFO | log_signal_event:181 | SIGNAL_EVENT | signal_type=main_signal_generated | symbol=EURUSD. | action=SELL | entry_price=1.17498 | stop_loss=1.175375 | take_profit=1.1737949999999995 | lot_size=2.65 | timestamp=2025-10-02 13:39:00 | system_hours_check=True | trading_session_check=True
2025-10-12 06:18:03,988 | signals | INFO | log_signal_event:181 | SIGNAL_EVENT | signal_type=stop_loss_adjusted | symbol=EURUSD. | action=SELL | old_sl=1.175375 | new_sl=1.1751775 | reason=1R_favorable | adjustment_count=1
2025-10-12 06:18:03,988 | signals | INFO | log_signal_event:181 | SIGNAL_EVENT | signal_type=risk_free_activated | symbol=EURUSD. | action=SELL | entry_price=1.17498 | current_sl=1.1751775
2025-10-12 06:18:03,988 | signals | INFO | log_signal_event:181 | SIGNAL_EVENT | signal_type=signal_loss | symbol=EURUSD. | action=SELL | loss=-52.33750000001924 | exit_price=1.1751775 | pips=1.9750000000007262 | lot_size=2.65 | bars_evaluated=1428 | fetch_attempts=1
2025-10-12 06:18:03,988 | signals | INFO | log_signal_event:181 | SIGNAL_EVENT | signal_type=signal_remains_pending | symbol=EURUSD. | action=SELL | total_bars_processed=1427 | total_fetch_attempts=1
2025-10-12 06:18:04,190 | signals | INFO | log_signal_event:181 | SIGNAL_EVENT | signal_type=main_signal_generated | symbol=GBPUSD. | action=SELL | entry_price=1.3463 | stop_loss=1.346705 | take_profit=1.345085 | lot_size=2.57 | timestamp=2025-10-03 14:38:00 | system_hours_check=True | trading_session_check=True
2025-10-12 06:18:04,335 | signals | INFO | log_signal_event:181 | SIGNAL_EVENT | signal_type=stop_loss_adjusted | symbol=GBPUSD. | action=SELL | old_sl=1.346705 | new_sl=1.3465025000000002 | reason=1R_favorable | adjustment_count=1
2025-10-12 06:18:04,335 | signals | INFO | log_signal_event:181 | SIGNAL_EVENT | signal_type=risk_free_activated | symbol=GBPUSD. | action=SELL | entry_price=1.3463 | current_sl=1.3465025000000002
2025-10-12 06:18:04,335 | signals | INFO | log_signal_event:181 | SIGNAL_EVENT | signal_type=stop_loss_adjusted | symbol=GBPUSD. | action=SELL | old_sl=1.3465025000000002 | new_sl=1.3463 | reason=2R_breakeven | adjustment_count=2
2025-10-12 06:18:04,335 | signals | INFO | log_signal_event:181 | SIGNAL_EVENT | signal_type=risk_free_activated | symbol=GBPUSD. | action=SELL | entry_price=1.3463 | current_sl=1.3463
2025-10-12 06:18:04,335 | signals | INFO | log_signal_event:181 | SIGNAL_EVENT | signal_type=signal_loss | symbol=GBPUSD. | action=SELL | loss=0.0 | exit_price=1.3463 | pips=0.0 | lot_size=2.57 | bars_evaluated=771 | fetch_attempts=1
2025-10-12 06:18:04,335 | signals | INFO | log_signal_event:181 | SIGNAL_EVENT | signal_type=signal_remains_pending | symbol=GBPUSD. | action=SELL | total_bars_processed=770 | total_fetch_attempts=1
2025-10-12 06:18:04,476 | signals | INFO | log_signal_event:181 | SIGNAL_EVENT | signal_type=main_signal_generated | symbol=EURUSD. | action=SELL | entry_price=1.17319 | stop_loss=1.173425 | take_profit=1.172485 | lot_size=4.42 | timestamp=2025-10-03 14:14:00 | system_hours_check=True | trading_session_check=True
2025-10-12 06:18:04,575 | signals | INFO | log_signal_event:181 | SIGNAL_EVENT | signal_type=stop_loss_adjusted | symbol=EURUSD. | action=SELL | old_sl=1.173425 | new_sl=1.1730725 | reason=GET OUT | adjustment_count=1
2025-10-12 06:18:04,575 | signals | INFO | log_signal_event:181 | SIGNAL_EVENT | signal_type=risk_free_activated | symbol=EURUSD. | action=SELL | entry_price=1.17319 | current_sl=1.1730725
2025-10-12 06:18:04,575 | signals | INFO | log_signal_event:181 | SIGNAL_EVENT | signal_type=signal_win | symbol=EURUSD. | action=SELL | gain=51.934999999996734 | exit_price=1.1730725 | pips=1.174999999999926 | lot_size=4.42 | bars_evaluated=795 | fetch_attempts=1
2025-10-12 06:18:04,575 | signals | INFO | log_signal_event:181 | SIGNAL_EVENT | signal_type=signal_remains_pending | symbol=EURUSD. | action=SELL | total_bars_processed=794 | total_fetch_attempts=1
2025-10-12 06:18:04,577 | signals | INFO | log_signal_event:181 | SIGNAL_EVENT | signal_type=main_signal_generated | symbol=EURUSD. | action=SELL | entry_price=1.17354 | stop_loss=1.1736950000000002 | take_profit=1.1730749999999996 | lot_size=6.74 | timestamp=2025-10-03 14:38:00 | system_hours_check=True | trading_session_check=True
2025-10-12 06:18:04,671 | signals | INFO | log_signal_event:181 | SIGNAL_EVENT | signal_type=signal_loss | symbol=EURUSD. | action=SELL | loss=-104.47000000008578 | exit_price=1.1736950000000002 | pips=1.5500000000012726 | lot_size=6.74 | bars_evaluated=771 | fetch_attempts=1
2025-10-12 06:18:04,671 | signals | INFO | log_signal_event:181 | SIGNAL_EVENT | signal_type=signal_remains_pending | symbol=EURUSD. | action=SELL | total_bars_processed=770 | total_fetch_attempts=1
2025-10-12 06:18:05,147 | signals | INFO | log_signal_event:181 | SIGNAL_EVENT | signal_type=main_signal_generated | symbol=EURUSD. | action=BUY | entry_price=1.16947 | stop_loss=1.169015 | take_profit=1.1708350000000003 | lot_size=2.27 | timestamp=2025-10-06 13:24:00 | system_hours_check=True | trading_session_check=True
2025-10-12 06:18:05,317 | signals | INFO | log_signal_event:181 | SIGNAL_EVENT | signal_type=stop_loss_adjusted | symbol=EURUSD. | action=BUY | old_sl=1.169015 | new_sl=1.1692425 | reason=1R_favorable | adjustment_count=1
2025-10-12 06:18:05,317 | signals | INFO | log_signal_event:181 | SIGNAL_EVENT | signal_type=risk_free_activated | symbol=EURUSD. | action=BUY | entry_price=1.16947 | current_sl=1.1692425
2025-10-12 06:18:05,317 | signals | INFO | log_signal_event:181 | SIGNAL_EVENT | signal_type=stop_loss_adjusted | symbol=EURUSD. | action=BUY | old_sl=1.1692425 | new_sl=1.16947 | reason=2R_breakeven | adjustment_count=2
2025-10-12 06:18:05,317 | signals | INFO | log_signal_event:181 | SIGNAL_EVENT | signal_type=risk_free_activated | symbol=EURUSD. | action=BUY | entry_price=1.16947 | current_sl=1.16947
2025-10-12 06:18:05,317 | signals | INFO | log_signal_event:181 | SIGNAL_EVENT | signal_type=stop_loss_adjusted | symbol=EURUSD. | action=BUY | old_sl=1.16947 | new_sl=1.17071625 | reason=near_tp_lock | adjustment_count=3
2025-10-12 06:18:05,317 | signals | INFO | log_signal_event:181 | SIGNAL_EVENT | signal_type=risk_free_activated | symbol=EURUSD. | action=BUY | entry_price=1.16947 | current_sl=1.17071625
2025-10-12 06:18:05,317 | signals | INFO | log_signal_event:181 | SIGNAL_EVENT | signal_type=signal_win | symbol=EURUSD. | action=BUY | gain=282.8987499999758 | exit_price=1.17071625 | pips=12.462499999998933 | lot_size=2.27 | bars_evaluated=1429 | fetch_attempts=1
2025-10-12 06:18:05,317 | signals | INFO | log_signal_event:181 | SIGNAL_EVENT | signal_type=signal_remains_pending | symbol=EURUSD. | action=BUY | total_bars_processed=1428 | total_fetch_attempts=1
2025-10-12 06:18:05,525 | signals | INFO | log_signal_event:181 | SIGNAL_EVENT | signal_type=main_signal_generated | symbol=GBPUSD. | action=BUY | entry_price=1.3447200000000001 | stop_loss=1.3444749999999999 | take_profit=1.345455000000001 | lot_size=4.34 | timestamp=2025-10-07 12:40:00 | system_hours_check=True | trading_session_check=True
2025-10-12 06:18:05,751 | signals | INFO | log_signal_event:181 | SIGNAL_EVENT | signal_type=stop_loss_adjusted | symbol=GBPUSD. | action=BUY | old_sl=1.3444749999999999 | new_sl=1.3448425000000004 | reason=GET OUT | adjustment_count=1
2025-10-12 06:18:05,752 | signals | INFO | log_signal_event:181 | SIGNAL_EVENT | signal_type=risk_free_activated | symbol=GBPUSD. | action=BUY | entry_price=1.3447200000000001 | current_sl=1.3448425000000004
2025-10-12 06:18:05,752 | signals | INFO | log_signal_event:181 | SIGNAL_EVENT | signal_type=signal_win | symbol=GBPUSD. | action=BUY | gain=53.165000000107376 | exit_price=1.3448425000000004 | pips=1.225000000002474 | lot_size=4.34 | bars_evaluated=1429 | fetch_attempts=1
2025-10-12 06:18:05,752 | signals | INFO | log_signal_event:181 | SIGNAL_EVENT | signal_type=signal_remains_pending | symbol=GBPUSD. | action=BUY | total_bars_processed=1428 | total_fetch_attempts=1
2025-10-12 06:18:05,754 | signals | INFO | log_signal_event:181 | SIGNAL_EVENT | signal_type=main_signal_generated | symbol=GBPUSD. | action=BUY | entry_price=1.34479 | stop_loss=1.344455 | take_profit=1.3457949999999999 | lot_size=3.19 | timestamp=2025-10-07 12:50:00 | system_hours_check=True | trading_session_check=True
2025-10-12 06:18:05,975 | signals | INFO | log_signal_event:181 | SIGNAL_EVENT | signal_type=stop_loss_adjusted | symbol=GBPUSD. | action=BUY | old_sl=1.344455 | new_sl=1.3446224999999998 | reason=1R_favorable | adjustment_count=1
2025-10-12 06:18:05,977 | signals | INFO | log_signal_event:181 | SIGNAL_EVENT | signal_type=risk_free_activated | symbol=GBPUSD. | action=BUY | entry_price=1.34479 | current_sl=1.3446224999999998
2025-10-12 06:18:05,977 | signals | INFO | log_signal_event:181 | SIGNAL_EVENT | signal_type=stop_loss_adjusted | symbol=GBPUSD. | action=BUY | old_sl=1.3446224999999998 | new_sl=1.34479 | reason=2R_breakeven | adjustment_count=2
2025-10-12 06:18:05,977 | signals | INFO | log_signal_event:181 | SIGNAL_EVENT | signal_type=risk_free_activated | symbol=GBPUSD. | action=BUY | entry_price=1.34479 | current_sl=1.34479
2025-10-12 06:18:05,977 | signals | INFO | log_signal_event:181 | SIGNAL_EVENT | signal_type=signal_loss | symbol=GBPUSD. | action=BUY | loss=0.0 | exit_price=1.34479 | pips=0.0 | lot_size=3.19 | bars_evaluated=1429 | fetch_attempts=1
2025-10-12 06:18:05,977 | signals | INFO | log_signal_event:181 | SIGNAL_EVENT | signal_type=signal_remains_pending | symbol=GBPUSD. | action=BUY | total_bars_processed=1428 | total_fetch_attempts=1
2025-10-12 06:18:06,123 | signals | INFO | log_signal_event:181 | SIGNAL_EVENT | signal_type=main_signal_generated | symbol=EURUSD. | action=BUY | entry_price=1.16861 | stop_loss=1.168355 | take_profit=1.1693749999999996 | lot_size=4.19 | timestamp=2025-10-07 12:36:00 | system_hours_check=True | trading_session_check=True
2025-10-12 06:18:06,281 | signals | INFO | log_signal_event:181 | SIGNAL_EVENT | signal_type=signal_loss | symbol=EURUSD. | action=BUY | loss=-106.84499999995568 | exit_price=1.168355 | pips=2.549999999998942 | lot_size=4.19 | bars_evaluated=1429 | fetch_attempts=1
2025-10-12 06:18:06,281 | signals | INFO | log_signal_event:181 | SIGNAL_EVENT | signal_type=signal_remains_pending | symbol=EURUSD. | action=BUY | total_bars_processed=1428 | total_fetch_attempts=1
2025-10-12 06:18:06,283 | signals | INFO | log_signal_event:181 | SIGNAL_EVENT | signal_type=main_signal_generated | symbol=EURUSD. | action=BUY | entry_price=1.16828 | stop_loss=1.168135 | take_profit=1.1687150000000002 | lot_size=7.29 | timestamp=2025-10-07 13:37:00 | system_hours_check=True | trading_session_check=True
2025-10-12 06:18:06,444 | signals | INFO | log_signal_event:181 | SIGNAL_EVENT | signal_type=signal_loss | symbol=EURUSD. | action=BUY | loss=-105.70500000004502 | exit_price=1.168135 | pips=1.4500000000006175 | lot_size=7.29 | bars_evaluated=1429 | fetch_attempts=1
2025-10-12 06:18:06,444 | signals | INFO | log_signal_event:181 | SIGNAL_EVENT | signal_type=signal_remains_pending | symbol=EURUSD. | action=BUY | total_bars_processed=1428 | total_fetch_attempts=1
2025-10-12 06:18:06,824 | signals | INFO | log_signal_event:181 | SIGNAL_EVENT | signal_type=main_signal_generated | symbol=EURUSD. | action=BUY | entry_price=1.16103 | stop_loss=1.160715 | take_profit=1.1619750000000002 | lot_size=3.32 | timestamp=2025-10-08 12:56:00 | system_hours_check=True | trading_session_check=True
2025-10-12 06:18:06,986 | signals | INFO | log_signal_event:181 | SIGNAL_EVENT | signal_type=stop_loss_adjusted | symbol=EURUSD. | action=BUY | old_sl=1.160715 | new_sl=1.1608725 | reason=1R_favorable | adjustment_count=1
2025-10-12 06:18:06,988 | signals | INFO | log_signal_event:181 | SIGNAL_EVENT | signal_type=risk_free_activated | symbol=EURUSD. | action=BUY | entry_price=1.16103 | current_sl=1.1608725
2025-10-12 06:18:06,988 | signals | INFO | log_signal_event:181 | SIGNAL_EVENT | signal_type=signal_loss | symbol=EURUSD. | action=BUY | loss=-52.29000000001083 | exit_price=1.1608725 | pips=1.5750000000003261 | lot_size=3.32 | bars_evaluated=1429 | fetch_attempts=1
2025-10-12 06:18:06,988 | signals | INFO | log_signal_event:181 | SIGNAL_EVENT | signal_type=signal_remains_pending | symbol=EURUSD. | action=BUY | total_bars_processed=1428 | total_fetch_attempts=1
2025-10-12 06:18:06,989 | signals | INFO | log_signal_event:181 | SIGNAL_EVENT | signal_type=main_signal_generated | symbol=EURUSD. | action=BUY | entry_price=1.16089 | stop_loss=1.1607049999999999 | take_profit=1.1614450000000003 | lot_size=5.63 | timestamp=2025-10-08 13:11:00 | system_hours_check=True | trading_session_check=True
2025-10-12 06:18:07,154 | signals | INFO | log_signal_event:181 | SIGNAL_EVENT | signal_type=stop_loss_adjusted | symbol=EURUSD. | action=BUY | old_sl=1.1607049999999999 | new_sl=1.1609825 | reason=GET OUT | adjustment_count=1
2025-10-12 06:18:07,154 | signals | INFO | log_signal_event:181 | SIGNAL_EVENT | signal_type=risk_free_activated | symbol=EURUSD. | action=BUY | entry_price=1.16089 | current_sl=1.1609825
2025-10-12 06:18:07,154 | signals | INFO | log_signal_event:181 | SIGNAL_EVENT | signal_type=signal_win | symbol=EURUSD. | action=BUY | gain=52.07750000002864 | exit_price=1.1609825 | pips=0.9250000000005087 | lot_size=5.63 | bars_evaluated=1429 | fetch_attempts=1
2025-10-12 06:18:07,154 | signals | INFO | log_signal_event:181 | SIGNAL_EVENT | signal_type=signal_remains_pending | symbol=EURUSD. | action=BUY | total_bars_processed=1428 | total_fetch_attempts=1
2025-10-12 06:18:07,418 | signals | INFO | log_signal_event:181 | SIGNAL_EVENT | signal_type=main_signal_generated | symbol=GBPUSD. | action=BUY | entry_price=1.33869 | stop_loss=1.338315 | take_profit=1.339815 | lot_size=2.79 | timestamp=2025-10-09 12:54:00 | system_hours_check=True | trading_session_check=True
2025-10-12 06:18:07,681 | signals | INFO | log_signal_event:181 | SIGNAL_EVENT | signal_type=signal_loss | symbol=GBPUSD. | action=BUY | loss=-104.62500000000396 | exit_price=1.338315 | pips=3.750000000000142 | lot_size=2.79 | bars_evaluated=1423 | fetch_attempts=1
2025-10-12 06:18:07,681 | signals | INFO | log_signal_event:181 | SIGNAL_EVENT | signal_type=signal_remains_pending | symbol=GBPUSD. | action=BUY | total_bars_processed=1422 | total_fetch_attempts=1
2025-10-12 06:18:07,683 | signals | INFO | log_signal_event:181 | SIGNAL_EVENT | signal_type=main_signal_generated | symbol=GBPUSD. | action=BUY | entry_price=1.33754 | stop_loss=1.336905 | take_profit=1.3394449999999998 | lot_size=1.63 | timestamp=2025-10-09 13:07:00 | system_hours_check=True | trading_session_check=True
2025-10-12 06:18:07,967 | signals | INFO | log_signal_event:181 | SIGNAL_EVENT | signal_type=signal_loss | symbol=GBPUSD. | action=BUY | loss=-103.5049999999904 | exit_price=1.336905 | pips=6.349999999999412 | lot_size=1.63 | bars_evaluated=1423 | fetch_attempts=1
2025-10-12 06:18:07,967 | signals | INFO | log_signal_event:181 | SIGNAL_EVENT | signal_type=signal_remains_pending | symbol=GBPUSD. | action=BUY | total_bars_processed=1422 | total_fetch_attempts=1
2025-10-12 06:18:08,173 | signals | INFO | log_signal_event:181 | SIGNAL_EVENT | signal_type=main_signal_generated | symbol=EURUSD. | action=BUY | entry_price=1.16221 | stop_loss=1.162005 | take_profit=1.162825 | lot_size=5.01 | timestamp=2025-10-09 13:07:00 | system_hours_check=True | trading_session_check=True
2025-10-12 06:18:08,359 | signals | INFO | log_signal_event:181 | SIGNAL_EVENT | signal_type=stop_loss_adjusted | symbol=EURUSD. | action=BUY | old_sl=1.162005 | new_sl=1.1623125 | reason=GET OUT | adjustment_count=1
2025-10-12 06:18:08,361 | signals | INFO | log_signal_event:181 | SIGNAL_EVENT | signal_type=risk_free_activated | symbol=EURUSD. | action=BUY | entry_price=1.16221 | current_sl=1.1623125
2025-10-12 06:18:08,361 | signals | INFO | log_signal_event:181 | SIGNAL_EVENT | signal_type=signal_win | symbol=EURUSD. | action=BUY | gain=51.352500000058306 | exit_price=1.1623125 | pips=1.0250000000011639 | lot_size=5.01 | bars_evaluated=1429 | fetch_attempts=1
2025-10-12 06:18:08,361 | signals | INFO | log_signal_event:181 | SIGNAL_EVENT | signal_type=signal_remains_pending | symbol=EURUSD. | action=BUY | total_bars_processed=1428 | total_fetch_attempts=1
2025-10-12 06:18:08,362 | signals | INFO | log_signal_event:181 | SIGNAL_EVENT | signal_type=main_signal_generated | symbol=EURUSD. | action=BUY | entry_price=1.16141 | stop_loss=1.1611449999999999 | take_profit=1.1622050000000006 | lot_size=3.89 | timestamp=2025-10-09 13:28:00 | system_hours_check=True | trading_session_check=True
2025-10-12 06:18:08,550 | signals | INFO | log_signal_event:181 | SIGNAL_EVENT | signal_type=stop_loss_adjusted | symbol=EURUSD. | action=BUY | old_sl=1.1611449999999999 | new_sl=1.1615425000000001 | reason=GET OUT | adjustment_count=1
2025-10-12 06:18:08,550 | signals | INFO | log_signal_event:181 | SIGNAL_EVENT | signal_type=risk_free_activated | symbol=EURUSD. | action=BUY | entry_price=1.16141 | current_sl=1.1615425000000001
2025-10-12 06:18:08,550 | signals | INFO | log_signal_event:181 | SIGNAL_EVENT | signal_type=signal_win | symbol=EURUSD. | action=BUY | gain=309.25500000021214 | exit_price=1.1622050000000006 | pips=7.950000000005453 | lot_size=3.89 | bars_evaluated=1429 | fetch_attempts=1
2025-10-12 06:18:08,550 | signals | INFO | log_signal_event:181 | SIGNAL_EVENT | signal_type=signal_remains_pending | symbol=EURUSD. | action=BUY | total_bars_processed=1428 | total_fetch_attempts=1
2025-10-12 06:18:08,828 | signals | INFO | log_signal_event:181 | SIGNAL_EVENT | signal_type=main_signal_generated | symbol=GBPUSD. | action=BUY | entry_price=1.32819 | stop_loss=1.327925 | take_profit=1.3289849999999999 | lot_size=4.01 | timestamp=2025-10-10 13:56:00 | system_hours_check=True | trading_session_check=True
2025-10-12 06:18:09,039 | signals | INFO | log_signal_event:181 | SIGNAL_EVENT | signal_type=stop_loss_adjusted | symbol=GBPUSD. | action=BUY | old_sl=1.327925 | new_sl=1.3283225 | reason=GET OUT | adjustment_count=1
2025-10-12 06:18:09,039 | signals | INFO | log_signal_event:181 | SIGNAL_EVENT | signal_type=risk_free_activated | symbol=GBPUSD. | action=BUY | entry_price=1.32819 | current_sl=1.3283225
2025-10-12 06:18:09,040 | signals | INFO | log_signal_event:181 | SIGNAL_EVENT | signal_type=stop_loss_adjusted | symbol=GBPUSD. | action=BUY | old_sl=1.3283225 | new_sl=1.3289137500000001 | reason=near_tp_lock | adjustment_count=2
2025-10-12 06:18:09,040 | signals | INFO | log_signal_event:181 | SIGNAL_EVENT | signal_type=risk_free_activated | symbol=GBPUSD. | action=BUY | entry_price=1.32819 | current_sl=1.3289137500000001
2025-10-12 06:18:09,040 | signals | INFO | log_signal_event:181 | SIGNAL_EVENT | signal_type=signal_win | symbol=GBPUSD. | action=BUY | gain=290.2237500000537 | exit_price=1.3289137500000001 | pips=7.23750000000134 | lot_size=4.01 | bars_evaluated=813 | fetch_attempts=1
2025-10-12 06:18:09,040 | signals | INFO | log_signal_event:181 | SIGNAL_EVENT | signal_type=signal_remains_pending | symbol=GBPUSD. | action=BUY | total_bars_processed=812 | total_fetch_attempts=1
2025-10-12 06:18:09,215 | signals | INFO | log_signal_event:181 | SIGNAL_EVENT | signal_type=main_signal_generated | symbol=EURUSD. | action=SELL | entry_price=1.15855 | stop_loss=1.158785 | take_profit=1.157845 | lot_size=4.64 | timestamp=2025-10-10 14:48:00 | system_hours_check=True | trading_session_check=True
2025-10-12 06:18:09,342 | signals | INFO | log_signal_event:181 | SIGNAL_EVENT | signal_type=stop_loss_adjusted | symbol=EURUSD. | action=SELL | old_sl=1.158785 | new_sl=1.1584325 | reason=GET OUT | adjustment_count=1
2025-10-12 06:18:09,343 | signals | INFO | log_signal_event:181 | SIGNAL_EVENT | signal_type=risk_free_activated | symbol=EURUSD. | action=SELL | entry_price=1.15855 | current_sl=1.1584325
2025-10-12 06:18:09,343 | signals | INFO | log_signal_event:181 | SIGNAL_EVENT | signal_type=signal_win | symbol=EURUSD. | action=SELL | gain=54.519999999996564 | exit_price=1.1584325 | pips=1.174999999999926 | lot_size=4.64 | bars_evaluated=761 | fetch_attempts=1
2025-10-12 06:18:09,343 | signals | INFO | log_signal_event:181 | SIGNAL_EVENT | signal_type=signal_remains_pending | symbol=EURUSD. | action=SELL | total_bars_processed=760 | total_fetch_attempts=1
2025-10-12 06:18:09,345 | signals | INFO | log_signal_event:181 | SIGNAL_EVENT | signal_type=main_signal_generated | symbol=EURUSD. | action=SELL | entry_price=1.15881 | stop_loss=1.158955 | take_profit=1.1583749999999997 | lot_size=7.56 | timestamp=2025-10-10 14:57:00 | system_hours_check=True | trading_session_check=True
2025-10-12 06:18:09,470 | signals | INFO | log_signal_event:181 | SIGNAL_EVENT | signal_type=stop_loss_adjusted | symbol=EURUSD. | action=SELL | old_sl=1.158955 | new_sl=1.1587375 | reason=GET OUT | adjustment_count=1
2025-10-12 06:18:09,471 | signals | INFO | log_signal_event:181 | SIGNAL_EVENT | signal_type=risk_free_activated | symbol=EURUSD. | action=SELL | entry_price=1.15881 | current_sl=1.1587375
2025-10-12 06:18:09,471 | signals | INFO | log_signal_event:181 | SIGNAL_EVENT | signal_type=signal_win | symbol=EURUSD. | action=SELL | gain=54.80999999993941 | exit_price=1.1587375 | pips=0.7249999999991985 | lot_size=7.56 | bars_evaluated=752 | fetch_attempts=1
2025-10-12 06:18:09,471 | signals | INFO | log_signal_event:181 | SIGNAL_EVENT | signal_type=signal_remains_pending | symbol=EURUSD. | action=SELL | total_bars_processed=751 | total_fetch_attempts=1
