2025-10-11 18:50:47,220 | connection | INFO | fetch_bars_from_mt5:79 | Fetching GBPUSD. bars from 2025-10-01 00:00:00 to 2025-10-01 23:59:00 (TF: None, Mode: mid)
2025-10-11 18:50:49,861 | connection | INFO | log_connection_event:210 | CONNECTION_EVENT | event_type=connection_established | status=success
2025-10-11 18:50:52,864 | connection | INFO | fetch_bars_from_mt5:125 | Created 1429 mid bars for GBPUSD.
2025-10-11 18:50:52,865 | connection | INFO | log_connection_event:210 | CONNECTION_EVENT | event_type=connection_closed | status=success
2025-10-11 18:50:52,867 | connection | INFO | fetch_bars_from_mt5:79 | Fetching GBPUSD. bars from 2025-10-01 09:45:00 to 2025-10-02 09:45:00 (TF: None, Mode: mid)
2025-10-11 18:50:52,874 | connection | INFO | log_connection_event:210 | CONNECTION_EVENT | event_type=connection_established | status=success
2025-10-11 18:50:53,077 | connection | INFO | fetch_bars_from_mt5:125 | Created 1430 mid bars for GBPUSD.
2025-10-11 18:50:53,077 | connection | INFO | log_connection_event:210 | CONNECTION_EVENT | event_type=connection_closed | status=success
2025-10-11 18:50:53,079 | connection | INFO | get_latest_bar:312 | Fetching latest bar for GBPUSD. (TF: None, Mode: mid)
2025-10-11 18:50:53,084 | connection | INFO | log_connection_event:210 | CONNECTION_EVENT | event_type=connection_established | status=success
2025-10-11 18:50:53,085 | connection | INFO | get_latest_bar:408 | Created latest mid bar for GBPUSD.
2025-10-11 18:50:53,085 | connection | INFO | log_connection_event:210 | CONNECTION_EVENT | event_type=connection_closed | status=success
2025-10-11 18:50:53,087 | connection | INFO | fetch_bars_from_mt5:79 | Fetching EURUSD. bars from 2025-10-01 00:00:00 to 2025-10-01 23:59:00 (TF: None, Mode: mid)
2025-10-11 18:50:53,093 | connection | INFO | log_connection_event:210 | CONNECTION_EVENT | event_type=connection_established | status=success
2025-10-11 18:50:54,542 | connection | INFO | fetch_bars_from_mt5:125 | Created 1429 mid bars for EURUSD.
2025-10-11 18:50:54,542 | connection | INFO | log_connection_event:210 | CONNECTION_EVENT | event_type=connection_closed | status=success
2025-10-11 18:50:54,545 | connection | INFO | fetch_bars_from_mt5:79 | Fetching EURUSD. bars from 2025-10-01 10:05:00 to 2025-10-02 10:05:00 (TF: None, Mode: mid)
2025-10-11 18:50:54,551 | connection | INFO | log_connection_event:210 | CONNECTION_EVENT | event_type=connection_established | status=success
2025-10-11 18:50:54,721 | connection | INFO | fetch_bars_from_mt5:125 | Created 1430 mid bars for EURUSD.
2025-10-11 18:50:54,721 | connection | INFO | log_connection_event:210 | CONNECTION_EVENT | event_type=connection_closed | status=success
2025-10-11 18:50:54,722 | connection | INFO | get_latest_bar:312 | Fetching latest bar for EURUSD. (TF: None, Mode: mid)
2025-10-11 18:50:54,728 | connection | INFO | log_connection_event:210 | CONNECTION_EVENT | event_type=connection_established | status=success
2025-10-11 18:50:54,729 | connection | INFO | get_latest_bar:408 | Created latest mid bar for EURUSD.
2025-10-11 18:50:54,729 | connection | INFO | log_connection_event:210 | CONNECTION_EVENT | event_type=connection_closed | status=success
2025-10-11 18:50:54,730 | connection | INFO | fetch_bars_from_mt5:79 | Fetching GBPUSD. bars from 2025-10-02 00:00:00 to 2025-10-02 23:59:00 (TF: None, Mode: mid)
2025-10-11 18:50:54,735 | connection | INFO | log_connection_event:210 | CONNECTION_EVENT | event_type=connection_established | status=success
2025-10-11 18:50:54,886 | connection | INFO | fetch_bars_from_mt5:125 | Created 1429 mid bars for GBPUSD.
2025-10-11 18:50:54,886 | connection | INFO | log_connection_event:210 | CONNECTION_EVENT | event_type=connection_closed | status=success
2025-10-11 18:50:54,889 | connection | INFO | fetch_bars_from_mt5:79 | Fetching GBPUSD. bars from 2025-10-02 10:08:00 to 2025-10-03 10:08:00 (TF: None, Mode: mid)
2025-10-11 18:50:54,895 | connection | INFO | log_connection_event:210 | CONNECTION_EVENT | event_type=connection_established | status=success
2025-10-11 18:50:55,049 | connection | INFO | fetch_bars_from_mt5:125 | Created 1430 mid bars for GBPUSD.
2025-10-11 18:50:55,050 | connection | INFO | log_connection_event:210 | CONNECTION_EVENT | event_type=connection_closed | status=success
2025-10-11 18:50:55,050 | connection | INFO | get_latest_bar:312 | Fetching latest bar for GBPUSD. (TF: None, Mode: mid)
2025-10-11 18:50:55,056 | connection | INFO | log_connection_event:210 | CONNECTION_EVENT | event_type=connection_established | status=success
2025-10-11 18:50:55,058 | connection | INFO | get_latest_bar:408 | Created latest mid bar for GBPUSD.
2025-10-11 18:50:55,058 | connection | INFO | log_connection_event:210 | CONNECTION_EVENT | event_type=connection_closed | status=success
2025-10-11 18:50:55,059 | connection | INFO | fetch_bars_from_mt5:79 | Fetching EURUSD. bars from 2025-10-02 00:00:00 to 2025-10-02 23:59:00 (TF: None, Mode: mid)
2025-10-11 18:50:55,065 | connection | INFO | log_connection_event:210 | CONNECTION_EVENT | event_type=connection_established | status=success
2025-10-11 18:50:55,191 | connection | INFO | fetch_bars_from_mt5:125 | Created 1429 mid bars for EURUSD.
2025-10-11 18:50:55,191 | connection | INFO | log_connection_event:210 | CONNECTION_EVENT | event_type=connection_closed | status=success
2025-10-11 18:50:55,194 | connection | INFO | fetch_bars_from_mt5:79 | Fetching EURUSD. bars from 2025-10-02 09:08:00 to 2025-10-03 09:08:00 (TF: None, Mode: mid)
2025-10-11 18:50:55,201 | connection | INFO | log_connection_event:210 | CONNECTION_EVENT | event_type=connection_established | status=success
2025-10-11 18:50:55,315 | connection | INFO | fetch_bars_from_mt5:125 | Created 1429 mid bars for EURUSD.
2025-10-11 18:50:55,315 | connection | INFO | log_connection_event:210 | CONNECTION_EVENT | event_type=connection_closed | status=success
2025-10-11 18:50:55,316 | connection | INFO | get_latest_bar:312 | Fetching latest bar for EURUSD. (TF: None, Mode: mid)
2025-10-11 18:50:55,322 | connection | INFO | log_connection_event:210 | CONNECTION_EVENT | event_type=connection_established | status=success
2025-10-11 18:50:55,323 | connection | INFO | get_latest_bar:408 | Created latest mid bar for EURUSD.
2025-10-11 18:50:55,323 | connection | INFO | log_connection_event:210 | CONNECTION_EVENT | event_type=connection_closed | status=success
2025-10-11 18:50:55,324 | connection | INFO | fetch_bars_from_mt5:79 | Fetching GBPUSD. bars from 2025-10-03 00:00:00 to 2025-10-03 23:59:00 (TF: None, Mode: mid)
2025-10-11 18:50:55,329 | connection | INFO | log_connection_event:210 | CONNECTION_EVENT | event_type=connection_established | status=success
2025-10-11 18:50:55,477 | connection | INFO | fetch_bars_from_mt5:125 | Created 1429 mid bars for GBPUSD.
2025-10-11 18:50:55,478 | connection | INFO | log_connection_event:210 | CONNECTION_EVENT | event_type=connection_closed | status=success
2025-10-11 18:50:55,480 | connection | INFO | fetch_bars_from_mt5:79 | Fetching GBPUSD. bars from 2025-10-03 11:08:00 to 2025-10-04 11:08:00 (TF: None, Mode: mid)
2025-10-11 18:50:55,486 | connection | INFO | log_connection_event:210 | CONNECTION_EVENT | event_type=connection_established | status=success
2025-10-11 18:50:55,609 | connection | INFO | fetch_bars_from_mt5:125 | Created 981 mid bars for GBPUSD.
2025-10-11 18:50:55,609 | connection | INFO | log_connection_event:210 | CONNECTION_EVENT | event_type=connection_closed | status=success
2025-10-11 18:50:55,610 | connection | INFO | get_latest_bar:312 | Fetching latest bar for GBPUSD. (TF: None, Mode: mid)
2025-10-11 18:50:55,616 | connection | INFO | log_connection_event:210 | CONNECTION_EVENT | event_type=connection_established | status=success
2025-10-11 18:50:55,617 | connection | INFO | get_latest_bar:408 | Created latest mid bar for GBPUSD.
2025-10-11 18:50:55,617 | connection | INFO | log_connection_event:210 | CONNECTION_EVENT | event_type=connection_closed | status=success
2025-10-11 18:50:55,617 | connection | INFO | fetch_bars_from_mt5:79 | Fetching EURUSD. bars from 2025-10-03 00:00:00 to 2025-10-03 23:59:00 (TF: None, Mode: mid)
2025-10-11 18:50:55,624 | connection | INFO | log_connection_event:210 | CONNECTION_EVENT | event_type=connection_established | status=success
2025-10-11 18:50:55,729 | connection | INFO | fetch_bars_from_mt5:125 | Created 1428 mid bars for EURUSD.
2025-10-11 18:50:55,729 | connection | INFO | log_connection_event:210 | CONNECTION_EVENT | event_type=connection_closed | status=success
2025-10-11 18:50:55,731 | connection | INFO | fetch_bars_from_mt5:79 | Fetching EURUSD. bars from 2025-10-03 10:44:00 to 2025-10-04 10:44:00 (TF: None, Mode: mid)
2025-10-11 18:50:55,737 | connection | INFO | log_connection_event:210 | CONNECTION_EVENT | event_type=connection_established | status=success
2025-10-11 18:50:55,823 | connection | INFO | fetch_bars_from_mt5:125 | Created 1005 mid bars for EURUSD.
2025-10-11 18:50:55,823 | connection | INFO | log_connection_event:210 | CONNECTION_EVENT | event_type=connection_closed | status=success
2025-10-11 18:50:55,823 | connection | INFO | get_latest_bar:312 | Fetching latest bar for EURUSD. (TF: None, Mode: mid)
2025-10-11 18:50:55,830 | connection | INFO | log_connection_event:210 | CONNECTION_EVENT | event_type=connection_established | status=success
2025-10-11 18:50:55,830 | connection | INFO | get_latest_bar:408 | Created latest mid bar for EURUSD.
2025-10-11 18:50:55,831 | connection | INFO | log_connection_event:210 | CONNECTION_EVENT | event_type=connection_closed | status=success
2025-10-11 18:50:55,831 | connection | INFO | fetch_bars_from_mt5:79 | Fetching GBPUSD. bars from 2025-10-04 00:00:00 to 2025-10-04 23:59:00 (TF: None, Mode: mid)
2025-10-11 18:50:55,838 | connection | INFO | log_connection_event:210 | CONNECTION_EVENT | event_type=connection_established | status=success
2025-10-11 18:50:55,860 | connection | INFO | fetch_bars_from_mt5:125 | Created 209 mid bars for GBPUSD.
2025-10-11 18:50:55,861 | connection | INFO | log_connection_event:210 | CONNECTION_EVENT | event_type=connection_closed | status=success
2025-10-11 18:50:55,861 | connection | INFO | fetch_bars_from_mt5:79 | Fetching EURUSD. bars from 2025-10-04 00:00:00 to 2025-10-04 23:59:00 (TF: None, Mode: mid)
2025-10-11 18:50:55,867 | connection | INFO | log_connection_event:210 | CONNECTION_EVENT | event_type=connection_established | status=success
2025-10-11 18:50:55,880 | connection | INFO | fetch_bars_from_mt5:125 | Created 209 mid bars for EURUSD.
2025-10-11 18:50:55,880 | connection | INFO | log_connection_event:210 | CONNECTION_EVENT | event_type=connection_closed | status=success
2025-10-11 18:50:55,881 | connection | INFO | fetch_bars_from_mt5:79 | Fetching GBPUSD. bars from 2025-10-05 00:00:00 to 2025-10-05 23:59:00 (TF: None, Mode: mid)
2025-10-11 18:50:55,887 | connection | INFO | log_connection_event:210 | CONNECTION_EVENT | event_type=connection_established | status=success
2025-10-11 18:50:55,887 | connection | WARNING | fetch_bars_from_mt5:88 | No rate data found for GBPUSD.
2025-10-11 18:50:55,887 | connection | INFO | log_connection_event:210 | CONNECTION_EVENT | event_type=connection_closed | status=success
2025-10-11 18:50:55,887 | connection | INFO | fetch_bars_from_mt5:79 | Fetching EURUSD. bars from 2025-10-05 00:00:00 to 2025-10-05 23:59:00 (TF: None, Mode: mid)
2025-10-11 18:50:55,894 | connection | INFO | log_connection_event:210 | CONNECTION_EVENT | event_type=connection_established | status=success
2025-10-11 18:50:55,894 | connection | WARNING | fetch_bars_from_mt5:88 | No rate data found for EURUSD.
2025-10-11 18:50:55,894 | connection | INFO | log_connection_event:210 | CONNECTION_EVENT | event_type=connection_closed | status=success
2025-10-11 18:50:55,894 | connection | INFO | fetch_bars_from_mt5:79 | Fetching GBPUSD. bars from 2025-10-06 00:00:00 to 2025-10-06 23:59:00 (TF: None, Mode: mid)
2025-10-11 18:50:55,900 | connection | INFO | log_connection_event:210 | CONNECTION_EVENT | event_type=connection_established | status=success
2025-10-11 18:50:56,074 | connection | INFO | fetch_bars_from_mt5:125 | Created 1220 mid bars for GBPUSD.
2025-10-11 18:50:56,074 | connection | INFO | log_connection_event:210 | CONNECTION_EVENT | event_type=connection_closed | status=success
2025-10-11 18:50:56,077 | connection | INFO | fetch_bars_from_mt5:79 | Fetching GBPUSD. bars from 2025-10-06 11:14:00 to 2025-10-07 11:14:00 (TF: None, Mode: mid)
2025-10-11 18:50:56,084 | connection | INFO | log_connection_event:210 | CONNECTION_EVENT | event_type=connection_established | status=success
2025-10-11 18:50:56,251 | connection | INFO | fetch_bars_from_mt5:125 | Created 1429 mid bars for GBPUSD.
2025-10-11 18:50:56,252 | connection | INFO | log_connection_event:210 | CONNECTION_EVENT | event_type=connection_closed | status=success
2025-10-11 18:50:56,253 | connection | INFO | get_latest_bar:312 | Fetching latest bar for GBPUSD. (TF: None, Mode: mid)
2025-10-11 18:50:56,259 | connection | INFO | log_connection_event:210 | CONNECTION_EVENT | event_type=connection_established | status=success
2025-10-11 18:50:56,259 | connection | INFO | get_latest_bar:408 | Created latest mid bar for GBPUSD.
2025-10-11 18:50:56,259 | connection | INFO | log_connection_event:210 | CONNECTION_EVENT | event_type=connection_closed | status=success
2025-10-11 18:50:56,260 | connection | INFO | fetch_bars_from_mt5:79 | Fetching EURUSD. bars from 2025-10-06 00:00:00 to 2025-10-06 23:59:00 (TF: None, Mode: mid)
2025-10-11 18:50:56,266 | connection | INFO | log_connection_event:210 | CONNECTION_EVENT | event_type=connection_established | status=success
2025-10-11 18:50:56,397 | connection | INFO | fetch_bars_from_mt5:125 | Created 1220 mid bars for EURUSD.
2025-10-11 18:50:56,400 | connection | INFO | log_connection_event:210 | CONNECTION_EVENT | event_type=connection_closed | status=success
2025-10-11 18:50:56,402 | connection | INFO | fetch_bars_from_mt5:79 | Fetching EURUSD. bars from 2025-10-06 09:54:00 to 2025-10-07 09:54:00 (TF: None, Mode: mid)
2025-10-11 18:50:56,408 | connection | INFO | log_connection_event:210 | CONNECTION_EVENT | event_type=connection_established | status=success
2025-10-11 18:50:56,547 | connection | INFO | fetch_bars_from_mt5:125 | Created 1430 mid bars for EURUSD.
2025-10-11 18:50:56,548 | connection | INFO | log_connection_event:210 | CONNECTION_EVENT | event_type=connection_closed | status=success
2025-10-11 18:50:56,549 | connection | INFO | get_latest_bar:312 | Fetching latest bar for EURUSD. (TF: None, Mode: mid)
2025-10-11 18:50:56,555 | connection | INFO | log_connection_event:210 | CONNECTION_EVENT | event_type=connection_established | status=success
2025-10-11 18:50:56,556 | connection | INFO | get_latest_bar:408 | Created latest mid bar for EURUSD.
2025-10-11 18:50:56,556 | connection | INFO | log_connection_event:210 | CONNECTION_EVENT | event_type=connection_closed | status=success
2025-10-11 18:50:56,556 | connection | INFO | fetch_bars_from_mt5:79 | Fetching GBPUSD. bars from 2025-10-07 00:00:00 to 2025-10-07 23:59:00 (TF: None, Mode: mid)
2025-10-11 18:50:56,563 | connection | INFO | log_connection_event:210 | CONNECTION_EVENT | event_type=connection_established | status=success
2025-10-11 18:50:56,733 | connection | INFO | fetch_bars_from_mt5:125 | Created 1428 mid bars for GBPUSD.
2025-10-11 18:50:56,733 | connection | INFO | log_connection_event:210 | CONNECTION_EVENT | event_type=connection_closed | status=success
2025-10-11 18:50:56,736 | connection | INFO | fetch_bars_from_mt5:79 | Fetching GBPUSD. bars from 2025-10-07 09:10:00 to 2025-10-08 09:10:00 (TF: None, Mode: mid)
2025-10-11 18:50:56,742 | connection | INFO | log_connection_event:210 | CONNECTION_EVENT | event_type=connection_established | status=success
2025-10-11 18:50:56,939 | connection | INFO | fetch_bars_from_mt5:125 | Created 1430 mid bars for GBPUSD.
2025-10-11 18:50:56,939 | connection | INFO | log_connection_event:210 | CONNECTION_EVENT | event_type=connection_closed | status=success
2025-10-11 18:50:56,940 | connection | INFO | get_latest_bar:312 | Fetching latest bar for GBPUSD. (TF: None, Mode: mid)
2025-10-11 18:50:56,946 | connection | INFO | log_connection_event:210 | CONNECTION_EVENT | event_type=connection_established | status=success
2025-10-11 18:50:56,946 | connection | INFO | get_latest_bar:408 | Created latest mid bar for GBPUSD.
2025-10-11 18:50:56,948 | connection | INFO | log_connection_event:210 | CONNECTION_EVENT | event_type=connection_closed | status=success
2025-10-11 18:50:56,948 | connection | INFO | fetch_bars_from_mt5:79 | Fetching EURUSD. bars from 2025-10-07 00:00:00 to 2025-10-07 23:59:00 (TF: None, Mode: mid)
2025-10-11 18:50:56,954 | connection | INFO | log_connection_event:210 | CONNECTION_EVENT | event_type=connection_established | status=success
2025-10-11 18:50:57,062 | connection | INFO | fetch_bars_from_mt5:125 | Created 1429 mid bars for EURUSD.
2025-10-11 18:50:57,062 | connection | INFO | log_connection_event:210 | CONNECTION_EVENT | event_type=connection_closed | status=success
2025-10-11 18:50:57,064 | connection | INFO | fetch_bars_from_mt5:79 | Fetching EURUSD. bars from 2025-10-07 09:06:00 to 2025-10-08 09:06:00 (TF: None, Mode: mid)
2025-10-11 18:50:57,070 | connection | INFO | log_connection_event:210 | CONNECTION_EVENT | event_type=connection_established | status=success
2025-10-11 18:50:57,189 | connection | INFO | fetch_bars_from_mt5:125 | Created 1430 mid bars for EURUSD.
2025-10-11 18:50:57,190 | connection | INFO | log_connection_event:210 | CONNECTION_EVENT | event_type=connection_closed | status=success
2025-10-11 18:50:57,190 | connection | INFO | get_latest_bar:312 | Fetching latest bar for EURUSD. (TF: None, Mode: mid)
2025-10-11 18:50:57,196 | connection | INFO | log_connection_event:210 | CONNECTION_EVENT | event_type=connection_established | status=success
2025-10-11 18:50:57,196 | connection | INFO | get_latest_bar:408 | Created latest mid bar for EURUSD.
2025-10-11 18:50:57,196 | connection | INFO | log_connection_event:210 | CONNECTION_EVENT | event_type=connection_closed | status=success
2025-10-11 18:50:57,197 | connection | INFO | fetch_bars_from_mt5:79 | Fetching GBPUSD. bars from 2025-10-08 00:00:00 to 2025-10-08 23:59:00 (TF: None, Mode: mid)
2025-10-11 18:50:57,203 | connection | INFO | log_connection_event:210 | CONNECTION_EVENT | event_type=connection_established | status=success
2025-10-11 18:50:57,368 | connection | INFO | fetch_bars_from_mt5:125 | Created 1429 mid bars for GBPUSD.
2025-10-11 18:50:57,368 | connection | INFO | log_connection_event:210 | CONNECTION_EVENT | event_type=connection_closed | status=success
2025-10-11 18:50:57,371 | connection | INFO | fetch_bars_from_mt5:79 | Fetching GBPUSD. bars from 2025-10-08 11:10:00 to 2025-10-09 11:10:00 (TF: None, Mode: mid)
2025-10-11 18:50:57,376 | connection | INFO | log_connection_event:210 | CONNECTION_EVENT | event_type=connection_established | status=success
2025-10-11 18:50:57,538 | connection | INFO | fetch_bars_from_mt5:125 | Created 1430 mid bars for GBPUSD.
2025-10-11 18:50:57,538 | connection | INFO | log_connection_event:210 | CONNECTION_EVENT | event_type=connection_closed | status=success
2025-10-11 18:50:57,539 | connection | INFO | get_latest_bar:312 | Fetching latest bar for GBPUSD. (TF: None, Mode: mid)
2025-10-11 18:50:57,546 | connection | INFO | log_connection_event:210 | CONNECTION_EVENT | event_type=connection_established | status=success
2025-10-11 18:50:57,546 | connection | INFO | get_latest_bar:408 | Created latest mid bar for GBPUSD.
2025-10-11 18:50:57,546 | connection | INFO | log_connection_event:210 | CONNECTION_EVENT | event_type=connection_closed | status=success
2025-10-11 18:50:57,547 | connection | INFO | fetch_bars_from_mt5:79 | Fetching EURUSD. bars from 2025-10-08 00:00:00 to 2025-10-08 23:59:00 (TF: None, Mode: mid)
2025-10-11 18:50:57,553 | connection | INFO | log_connection_event:210 | CONNECTION_EVENT | event_type=connection_established | status=success
2025-10-11 18:50:57,678 | connection | INFO | fetch_bars_from_mt5:125 | Created 1429 mid bars for EURUSD.
2025-10-11 18:50:57,679 | connection | INFO | log_connection_event:210 | CONNECTION_EVENT | event_type=connection_closed | status=success
2025-10-11 18:50:57,681 | connection | INFO | fetch_bars_from_mt5:79 | Fetching EURUSD. bars from 2025-10-08 09:25:00 to 2025-10-09 09:25:00 (TF: None, Mode: mid)
2025-10-11 18:50:57,687 | connection | INFO | log_connection_event:210 | CONNECTION_EVENT | event_type=connection_established | status=success
2025-10-11 18:50:57,818 | connection | INFO | fetch_bars_from_mt5:125 | Created 1430 mid bars for EURUSD.
2025-10-11 18:50:57,818 | connection | INFO | log_connection_event:210 | CONNECTION_EVENT | event_type=connection_closed | status=success
2025-10-11 18:50:57,818 | connection | INFO | get_latest_bar:312 | Fetching latest bar for EURUSD. (TF: None, Mode: mid)
2025-10-11 18:50:57,825 | connection | INFO | log_connection_event:210 | CONNECTION_EVENT | event_type=connection_established | status=success
2025-10-11 18:50:57,825 | connection | INFO | get_latest_bar:408 | Created latest mid bar for EURUSD.
2025-10-11 18:50:57,825 | connection | INFO | log_connection_event:210 | CONNECTION_EVENT | event_type=connection_closed | status=success
2025-10-11 18:50:57,826 | connection | INFO | fetch_bars_from_mt5:79 | Fetching GBPUSD. bars from 2025-10-09 00:00:00 to 2025-10-09 23:59:00 (TF: None, Mode: mid)
2025-10-11 18:50:57,832 | connection | INFO | log_connection_event:210 | CONNECTION_EVENT | event_type=connection_established | status=success
2025-10-11 18:50:58,033 | connection | INFO | fetch_bars_from_mt5:125 | Created 1429 mid bars for GBPUSD.
2025-10-11 18:50:58,033 | connection | INFO | log_connection_event:210 | CONNECTION_EVENT | event_type=connection_closed | status=success
2025-10-11 18:50:58,037 | connection | INFO | fetch_bars_from_mt5:79 | Fetching GBPUSD. bars from 2025-10-09 09:24:00 to 2025-10-10 09:24:00 (TF: None, Mode: mid)
2025-10-11 18:50:58,043 | connection | INFO | log_connection_event:210 | CONNECTION_EVENT | event_type=connection_established | status=success
2025-10-11 18:50:58,259 | connection | INFO | fetch_bars_from_mt5:125 | Created 1424 mid bars for GBPUSD.
2025-10-11 18:50:58,259 | connection | INFO | log_connection_event:210 | CONNECTION_EVENT | event_type=connection_closed | status=success
2025-10-11 18:50:58,260 | connection | INFO | get_latest_bar:312 | Fetching latest bar for GBPUSD. (TF: None, Mode: mid)
2025-10-11 18:50:58,266 | connection | INFO | log_connection_event:210 | CONNECTION_EVENT | event_type=connection_established | status=success
2025-10-11 18:50:58,267 | connection | INFO | get_latest_bar:408 | Created latest mid bar for GBPUSD.
2025-10-11 18:50:58,267 | connection | INFO | log_connection_event:210 | CONNECTION_EVENT | event_type=connection_closed | status=success
2025-10-11 18:50:58,268 | connection | INFO | fetch_bars_from_mt5:79 | Fetching EURUSD. bars from 2025-10-09 00:00:00 to 2025-10-09 23:59:00 (TF: None, Mode: mid)
2025-10-11 18:50:58,274 | connection | INFO | log_connection_event:210 | CONNECTION_EVENT | event_type=connection_established | status=success
2025-10-11 18:50:58,430 | connection | INFO | fetch_bars_from_mt5:125 | Created 1429 mid bars for EURUSD.
2025-10-11 18:50:58,430 | connection | INFO | log_connection_event:210 | CONNECTION_EVENT | event_type=connection_closed | status=success
2025-10-11 18:50:58,433 | connection | INFO | fetch_bars_from_mt5:79 | Fetching EURUSD. bars from 2025-10-09 09:16:00 to 2025-10-10 09:16:00 (TF: None, Mode: mid)
2025-10-11 18:50:58,440 | connection | INFO | log_connection_event:210 | CONNECTION_EVENT | event_type=connection_established | status=success
2025-10-11 18:50:58,622 | connection | INFO | fetch_bars_from_mt5:125 | Created 1430 mid bars for EURUSD.
2025-10-11 18:50:58,622 | connection | INFO | log_connection_event:210 | CONNECTION_EVENT | event_type=connection_closed | status=success
2025-10-11 18:50:58,623 | connection | INFO | get_latest_bar:312 | Fetching latest bar for EURUSD. (TF: None, Mode: mid)
2025-10-11 18:50:58,630 | connection | INFO | log_connection_event:210 | CONNECTION_EVENT | event_type=connection_established | status=success
2025-10-11 18:50:58,631 | connection | INFO | get_latest_bar:408 | Created latest mid bar for EURUSD.
2025-10-11 18:50:58,631 | connection | INFO | log_connection_event:210 | CONNECTION_EVENT | event_type=connection_closed | status=success
2025-10-11 18:50:58,634 | connection | INFO | fetch_bars_from_mt5:79 | Fetching GBPUSD. bars from 2025-10-01 00:00:00 to 2025-10-09 00:00:00 (TF: None, Mode: mid)
2025-10-11 18:50:58,642 | connection | INFO | log_connection_event:210 | CONNECTION_EVENT | event_type=connection_established | status=success
2025-10-11 18:50:59,790 | connection | INFO | fetch_bars_from_mt5:125 | Created 8574 mid bars for GBPUSD.
2025-10-11 18:50:59,791 | connection | INFO | log_connection_event:210 | CONNECTION_EVENT | event_type=connection_closed | status=success
2025-10-11 18:51:07,161 | connection | INFO | fetch_bars_from_mt5:79 | Fetching EURUSD. bars from 2025-10-01 00:00:00 to 2025-10-09 00:00:00 (TF: None, Mode: mid)
2025-10-11 18:51:07,168 | connection | INFO | log_connection_event:210 | CONNECTION_EVENT | event_type=connection_established | status=success
2025-10-11 18:51:07,987 | connection | INFO | fetch_bars_from_mt5:125 | Created 8574 mid bars for EURUSD.
2025-10-11 18:51:07,987 | connection | INFO | log_connection_event:210 | CONNECTION_EVENT | event_type=connection_closed | status=success
