2025-10-11 18:50:52,867 | signals | INFO | log_signal_event:181 | SIGNAL_EVENT | signal_type=main_signal_generated | symbol=GBPUSD. | action=SELL | entry_price=1.3474 | stop_loss=1.347785 | take_profit=1.3462449999999997 | lot_size=2.6 | timestamp=2025-10-01 09:45:00 | system_hours_check=True | trading_session_check=True
2025-10-11 18:50:53,085 | signals | INFO | log_signal_event:181 | SIGNAL_EVENT | signal_type=signal_win | symbol=GBPUSD. | action=SELL | gain=300.3000000000622 | exit_price=1.3462449999999997 | pips=11.550000000002392 | lot_size=2.6 | bars_evaluated=1430 | fetch_attempts=1
2025-10-11 18:50:53,085 | signals | INFO | log_signal_event:181 | SIGNAL_EVENT | signal_type=signal_remains_pending | symbol=GBPUSD. | action=SELL | total_bars_processed=1219 | total_fetch_attempts=1
2025-10-11 18:50:54,545 | signals | INFO | log_signal_event:181 | SIGNAL_EVENT | signal_type=main_signal_generated | symbol=EURUSD. | action=SELL | entry_price=1.177305 | stop_loss=1.17776 | take_profit=1.1759400000000004 | lot_size=2.26 | timestamp=2025-10-01 10:05:00 | system_hours_check=True | trading_session_check=True
2025-10-11 18:50:54,729 | signals | INFO | log_signal_event:181 | SIGNAL_EVENT | signal_type=signal_win | symbol=EURUSD. | action=SELL | gain=308.4899999999133 | exit_price=1.1759400000000004 | pips=13.649999999996165 | lot_size=2.26 | bars_evaluated=1430 | fetch_attempts=1
2025-10-11 18:50:54,730 | signals | INFO | log_signal_event:181 | SIGNAL_EVENT | signal_type=signal_remains_pending | symbol=EURUSD. | action=SELL | total_bars_processed=1219 | total_fetch_attempts=1
2025-10-11 18:50:54,889 | signals | INFO | log_signal_event:181 | SIGNAL_EVENT | signal_type=main_signal_generated | symbol=GBPUSD. | action=SELL | entry_price=1.349755 | stop_loss=1.350045 | take_profit=1.3488850000000003 | lot_size=3.66 | timestamp=2025-10-02 10:08:00 | system_hours_check=True | trading_session_check=True
2025-10-11 18:50:55,059 | signals | INFO | log_signal_event:181 | SIGNAL_EVENT | signal_type=signal_win | symbol=GBPUSD. | action=SELL | gain=318.41999999989184 | exit_price=1.3488850000000003 | pips=8.699999999997043 | lot_size=3.66 | bars_evaluated=1430 | fetch_attempts=1
2025-10-11 18:50:55,059 | signals | INFO | log_signal_event:181 | SIGNAL_EVENT | signal_type=signal_remains_pending | symbol=GBPUSD. | action=SELL | total_bars_processed=1219 | total_fetch_attempts=1
2025-10-11 18:50:55,194 | signals | INFO | log_signal_event:181 | SIGNAL_EVENT | signal_type=main_signal_generated | symbol=EURUSD. | action=SELL | entry_price=1.174235 | stop_loss=1.17451 | take_profit=1.1734099999999998 | lot_size=3.97 | timestamp=2025-10-02 09:08:00 | system_hours_check=True | trading_session_check=True
2025-10-11 18:50:55,323 | signals | INFO | log_signal_event:181 | SIGNAL_EVENT | signal_type=stop_loss_adjusted | symbol=EURUSD. | action=SELL | old_sl=1.17451 | new_sl=1.1743725 | reason=1R_favorable | adjustment_count=1
2025-10-11 18:50:55,323 | signals | INFO | log_signal_event:181 | SIGNAL_EVENT | signal_type=risk_free_activated | symbol=EURUSD. | action=SELL | entry_price=1.174235 | current_sl=1.1743725
2025-10-11 18:50:55,323 | signals | INFO | log_signal_event:181 | SIGNAL_EVENT | signal_type=stop_loss_adjusted | symbol=EURUSD. | action=SELL | old_sl=1.1743725 | new_sl=1.174235 | reason=2R_breakeven | adjustment_count=2
2025-10-11 18:50:55,323 | signals | INFO | log_signal_event:181 | SIGNAL_EVENT | signal_type=risk_free_activated | symbol=EURUSD. | action=SELL | entry_price=1.174235 | current_sl=1.174235
2025-10-11 18:50:55,323 | signals | INFO | log_signal_event:181 | SIGNAL_EVENT | signal_type=signal_win | symbol=EURUSD. | action=SELL | gain=327.52500000003005 | exit_price=1.1734099999999998 | pips=8.250000000000757 | lot_size=3.97 | bars_evaluated=1429 | fetch_attempts=1
2025-10-11 18:50:55,324 | signals | INFO | log_signal_event:181 | SIGNAL_EVENT | signal_type=signal_remains_pending | symbol=EURUSD. | action=SELL | total_bars_processed=1218 | total_fetch_attempts=1
2025-10-11 18:50:55,480 | signals | INFO | log_signal_event:181 | SIGNAL_EVENT | signal_type=main_signal_generated | symbol=GBPUSD. | action=SELL | entry_price=1.3463150000000002 | stop_loss=1.346725 | take_profit=1.3450850000000008 | lot_size=2.75 | timestamp=2025-10-03 11:08:00 | system_hours_check=True | trading_session_check=True
2025-10-11 18:50:55,617 | signals | INFO | log_signal_event:181 | SIGNAL_EVENT | signal_type=signal_win | symbol=GBPUSD. | action=SELL | gain=338.24999999983453 | exit_price=1.3450850000000008 | pips=12.299999999993982 | lot_size=2.75 | bars_evaluated=981 | fetch_attempts=1
2025-10-11 18:50:55,617 | signals | INFO | log_signal_event:181 | SIGNAL_EVENT | signal_type=signal_remains_pending | symbol=GBPUSD. | action=SELL | total_bars_processed=770 | total_fetch_attempts=1
2025-10-11 18:50:55,731 | signals | INFO | log_signal_event:181 | SIGNAL_EVENT | signal_type=main_signal_generated | symbol=EURUSD. | action=SELL | entry_price=1.173195 | stop_loss=1.17343 | take_profit=1.17249 | lot_size=4.93 | timestamp=2025-10-03 10:44:00 | system_hours_check=True | trading_session_check=True
2025-10-11 18:50:55,831 | signals | INFO | log_signal_event:181 | SIGNAL_EVENT | signal_type=signal_win | symbol=EURUSD. | action=SELL | gain=347.5649999999781 | exit_price=1.17249 | pips=7.049999999999557 | lot_size=4.93 | bars_evaluated=1005 | fetch_attempts=1
2025-10-11 18:50:55,831 | signals | INFO | log_signal_event:181 | SIGNAL_EVENT | signal_type=signal_remains_pending | symbol=EURUSD. | action=SELL | total_bars_processed=794 | total_fetch_attempts=1
2025-10-11 18:50:56,077 | signals | INFO | log_signal_event:181 | SIGNAL_EVENT | signal_type=main_signal_generated | symbol=GBPUSD. | action=BUY | entry_price=1.34268 | stop_loss=1.34236 | take_profit=1.3436400000000004 | lot_size=3.73 | timestamp=2025-10-06 11:14:00 | system_hours_check=True | trading_session_check=True
2025-10-11 18:50:56,260 | signals | INFO | log_signal_event:181 | SIGNAL_EVENT | signal_type=signal_win | symbol=GBPUSD. | action=BUY | gain=358.08000000010964 | exit_price=1.3436400000000004 | pips=9.60000000000294 | lot_size=3.73 | bars_evaluated=1429 | fetch_attempts=1
2025-10-11 18:50:56,260 | signals | INFO | log_signal_event:181 | SIGNAL_EVENT | signal_type=signal_remains_pending | symbol=GBPUSD. | action=BUY | total_bars_processed=1218 | total_fetch_attempts=1
2025-10-11 18:50:56,402 | signals | INFO | log_signal_event:181 | SIGNAL_EVENT | signal_type=main_signal_generated | symbol=EURUSD. | action=BUY | entry_price=1.169475 | stop_loss=1.16902 | take_profit=1.1708400000000003 | lot_size=2.7 | timestamp=2025-10-06 09:54:00 | system_hours_check=True | trading_session_check=True
2025-10-11 18:50:56,556 | signals | INFO | log_signal_event:181 | SIGNAL_EVENT | signal_type=signal_win | symbol=EURUSD. | action=BUY | gain=368.5500000000763 | exit_price=1.1708400000000003 | pips=13.650000000002827 | lot_size=2.7 | bars_evaluated=1430 | fetch_attempts=1
2025-10-11 18:50:56,556 | signals | INFO | log_signal_event:181 | SIGNAL_EVENT | signal_type=signal_remains_pending | symbol=EURUSD. | action=BUY | total_bars_processed=1219 | total_fetch_attempts=1
2025-10-11 18:50:56,735 | signals | INFO | log_signal_event:181 | SIGNAL_EVENT | signal_type=main_signal_generated | symbol=GBPUSD. | action=BUY | entry_price=1.344735 | stop_loss=1.344495 | take_profit=1.345455 | lot_size=5.28 | timestamp=2025-10-07 09:10:00 | system_hours_check=True | trading_session_check=True
2025-10-11 18:50:56,948 | signals | INFO | log_signal_event:181 | SIGNAL_EVENT | signal_type=signal_win | symbol=GBPUSD. | action=BUY | gain=380.1600000000285 | exit_price=1.345455 | pips=7.200000000000539 | lot_size=5.28 | bars_evaluated=1430 | fetch_attempts=1
2025-10-11 18:50:56,948 | signals | INFO | log_signal_event:181 | SIGNAL_EVENT | signal_type=signal_remains_pending | symbol=GBPUSD. | action=BUY | total_bars_processed=1219 | total_fetch_attempts=1
2025-10-11 18:50:57,064 | signals | INFO | log_signal_event:181 | SIGNAL_EVENT | signal_type=main_signal_generated | symbol=EURUSD. | action=BUY | entry_price=1.168615 | stop_loss=1.16836 | take_profit=1.1693799999999996 | lot_size=5.12 | timestamp=2025-10-07 09:06:00 | system_hours_check=True | trading_session_check=True
2025-10-11 18:50:57,197 | signals | INFO | log_signal_event:181 | SIGNAL_EVENT | signal_type=signal_win | symbol=EURUSD. | action=BUY | gain=391.6799999998375 | exit_price=1.1693799999999996 | pips=7.649999999996826 | lot_size=5.12 | bars_evaluated=1430 | fetch_attempts=1
2025-10-11 18:50:57,197 | signals | INFO | log_signal_event:181 | SIGNAL_EVENT | signal_type=signal_remains_pending | symbol=EURUSD. | action=BUY | total_bars_processed=1219 | total_fetch_attempts=1
2025-10-11 18:50:57,371 | signals | INFO | log_signal_event:181 | SIGNAL_EVENT | signal_type=main_signal_generated | symbol=GBPUSD. | action=SELL | entry_price=1.342375 | stop_loss=1.342585 | take_profit=1.3417450000000006 | lot_size=6.4 | timestamp=2025-10-08 11:10:00 | system_hours_check=True | trading_session_check=True
2025-10-11 18:50:57,547 | signals | INFO | log_signal_event:181 | SIGNAL_EVENT | signal_type=signal_win | symbol=GBPUSD. | action=SELL | gain=403.19999999965717 | exit_price=1.3417450000000006 | pips=6.299999999994643 | lot_size=6.4 | bars_evaluated=1430 | fetch_attempts=1
2025-10-11 18:50:57,547 | signals | INFO | log_signal_event:181 | SIGNAL_EVENT | signal_type=signal_remains_pending | symbol=GBPUSD. | action=SELL | total_bars_processed=1219 | total_fetch_attempts=1
2025-10-11 18:50:57,680 | signals | INFO | log_signal_event:181 | SIGNAL_EVENT | signal_type=main_signal_generated | symbol=EURUSD. | action=BUY | entry_price=1.1608450000000001 | stop_loss=1.16072 | take_profit=1.1612200000000006 | lot_size=10.0 | timestamp=2025-10-08 09:25:00 | system_hours_check=True | trading_session_check=True
2025-10-11 18:50:57,825 | signals | INFO | log_signal_event:181 | SIGNAL_EVENT | signal_type=signal_win | symbol=EURUSD. | action=BUY | gain=375.0000000004583 | exit_price=1.1612200000000006 | pips=3.750000000004583 | lot_size=10.0 | bars_evaluated=1430 | fetch_attempts=1
2025-10-11 18:50:57,826 | signals | INFO | log_signal_event:181 | SIGNAL_EVENT | signal_type=signal_remains_pending | symbol=EURUSD. | action=BUY | total_bars_processed=1219 | total_fetch_attempts=1
2025-10-11 18:50:58,037 | signals | INFO | log_signal_event:181 | SIGNAL_EVENT | signal_type=main_signal_generated | symbol=GBPUSD. | action=BUY | entry_price=1.338705 | stop_loss=1.3383299999999998 | take_profit=1.3398300000000007 | lot_size=3.79 | timestamp=2025-10-09 09:24:00 | system_hours_check=True | trading_session_check=True
2025-10-11 18:50:58,267 | signals | INFO | log_signal_event:181 | SIGNAL_EVENT | signal_type=signal_win | symbol=GBPUSD. | action=BUY | gain=426.37500000026864 | exit_price=1.3398300000000007 | pips=11.250000000007088 | lot_size=3.79 | bars_evaluated=1424 | fetch_attempts=1
2025-10-11 18:50:58,268 | signals | INFO | log_signal_event:181 | SIGNAL_EVENT | signal_type=signal_remains_pending | symbol=GBPUSD. | action=BUY | total_bars_processed=1213 | total_fetch_attempts=1
2025-10-11 18:50:58,433 | signals | INFO | log_signal_event:181 | SIGNAL_EVENT | signal_type=main_signal_generated | symbol=EURUSD. | action=BUY | entry_price=1.163235 | stop_loss=1.16271 | take_profit=1.1648100000000003 | lot_size=2.79 | timestamp=2025-10-09 09:16:00 | system_hours_check=True | trading_session_check=True
2025-10-11 18:50:58,631 | signals | INFO | log_signal_event:181 | SIGNAL_EVENT | signal_type=stop_loss_adjusted | symbol=EURUSD. | action=BUY | old_sl=1.16271 | new_sl=1.1629725 | reason=1R_favorable | adjustment_count=1
2025-10-11 18:50:58,631 | signals | INFO | log_signal_event:181 | SIGNAL_EVENT | signal_type=risk_free_activated | symbol=EURUSD. | action=BUY | entry_price=1.163235 | current_sl=1.1629725
2025-10-11 18:50:58,631 | signals | INFO | log_signal_event:181 | SIGNAL_EVENT | signal_type=stop_loss_adjusted | symbol=EURUSD. | action=BUY | old_sl=1.1629725 | new_sl=1.163235 | reason=2R_breakeven | adjustment_count=2
2025-10-11 18:50:58,631 | signals | INFO | log_signal_event:181 | SIGNAL_EVENT | signal_type=risk_free_activated | symbol=EURUSD. | action=BUY | entry_price=1.163235 | current_sl=1.163235
2025-10-11 18:50:58,632 | signals | INFO | log_signal_event:181 | SIGNAL_EVENT | signal_type=stop_loss_adjusted | symbol=EURUSD. | action=BUY | old_sl=1.163235 | new_sl=1.16462375 | reason=near_tp_lock | adjustment_count=3
2025-10-11 18:50:58,632 | signals | INFO | log_signal_event:181 | SIGNAL_EVENT | signal_type=risk_free_activated | symbol=EURUSD. | action=BUY | entry_price=1.163235 | current_sl=1.16462375
2025-10-11 18:50:58,632 | signals | INFO | log_signal_event:181 | SIGNAL_EVENT | signal_type=stop_loss_adjusted | symbol=EURUSD. | action=BUY | old_sl=1.16462375 | new_sl=1.16460375 | reason=near_tp_lock | adjustment_count=4
2025-10-11 18:50:58,632 | signals | INFO | log_signal_event:181 | SIGNAL_EVENT | signal_type=risk_free_activated | symbol=EURUSD. | action=BUY | entry_price=1.163235 | current_sl=1.16460375
2025-10-11 18:50:58,632 | signals | INFO | log_signal_event:181 | SIGNAL_EVENT | signal_type=stop_loss_adjusted | symbol=EURUSD. | action=BUY | old_sl=1.16460375 | new_sl=1.1646337500000001 | reason=near_tp_lock | adjustment_count=5
2025-10-11 18:50:58,632 | signals | INFO | log_signal_event:181 | SIGNAL_EVENT | signal_type=risk_free_activated | symbol=EURUSD. | action=BUY | entry_price=1.163235 | current_sl=1.1646337500000001
2025-10-11 18:50:58,632 | signals | INFO | log_signal_event:181 | SIGNAL_EVENT | signal_type=stop_loss_adjusted | symbol=EURUSD. | action=BUY | old_sl=1.1646337500000001 | new_sl=1.1646437500000002 | reason=near_tp_lock | adjustment_count=6
2025-10-11 18:50:58,633 | signals | INFO | log_signal_event:181 | SIGNAL_EVENT | signal_type=risk_free_activated | symbol=EURUSD. | action=BUY | entry_price=1.163235 | current_sl=1.1646437500000002
2025-10-11 18:50:58,633 | signals | INFO | log_signal_event:181 | SIGNAL_EVENT | signal_type=stop_loss_adjusted | symbol=EURUSD. | action=BUY | old_sl=1.1646437500000002 | new_sl=1.1646437500000002 | reason=near_tp_lock | adjustment_count=7
2025-10-11 18:50:58,633 | signals | INFO | log_signal_event:181 | SIGNAL_EVENT | signal_type=risk_free_activated | symbol=EURUSD. | action=BUY | entry_price=1.163235 | current_sl=1.1646437500000002
2025-10-11 18:50:58,633 | signals | INFO | log_signal_event:181 | SIGNAL_EVENT | signal_type=stop_loss_adjusted | symbol=EURUSD. | action=BUY | old_sl=1.1646437500000002 | new_sl=1.1646437500000002 | reason=near_tp_lock | adjustment_count=8
2025-10-11 18:50:58,633 | signals | INFO | log_signal_event:181 | SIGNAL_EVENT | signal_type=risk_free_activated | symbol=EURUSD. | action=BUY | entry_price=1.163235 | current_sl=1.1646437500000002
2025-10-11 18:50:58,633 | signals | INFO | log_signal_event:181 | SIGNAL_EVENT | signal_type=stop_loss_adjusted | symbol=EURUSD. | action=BUY | old_sl=1.1646437500000002 | new_sl=1.1646337500000001 | reason=near_tp_lock | adjustment_count=9
2025-10-11 18:50:58,633 | signals | INFO | log_signal_event:181 | SIGNAL_EVENT | signal_type=risk_free_activated | symbol=EURUSD. | action=BUY | entry_price=1.163235 | current_sl=1.1646337500000001
2025-10-11 18:50:58,634 | signals | INFO | log_signal_event:181 | SIGNAL_EVENT | signal_type=signal_win | symbol=EURUSD. | action=BUY | gain=390.25125000003214 | exit_price=1.1646337500000001 | pips=13.987500000001152 | lot_size=2.79 | bars_evaluated=1430 | fetch_attempts=1
2025-10-11 18:50:58,634 | signals | INFO | log_signal_event:181 | SIGNAL_EVENT | signal_type=signal_remains_pending | symbol=EURUSD. | action=BUY | total_bars_processed=1219 | total_fetch_attempts=1
